<?xml version="1.0" encoding="UTF-8"?>
<!-- Generated by org.testng.reporters.JUnitXMLReporter -->
<testsuite hostname="suren-Precision-M4600" name="FunctionalityTesting" tests="3" failures="1" timestamp="28 Jul 2016 06:13:50 GMT" time="21.395" errors="0">
  <testcase name="testCountSocialIcons" time="0.216" classname="com.test.HomePageTest"/>
  <testcase name="testLoginClick" time="2.757" classname="com.test.HomePageTest"/>
  <testcase name="testInvalidLogin" time="0.859" classname="com.test.LoginPageTest">
    <failure type="org.openqa.selenium.NoSuchElementException" message="no such element: Unable to locate element: {&amp;quot;method&amp;quot;:&amp;quot;css selector&amp;quot;,&amp;quot;selector&amp;quot;:&amp;quot;text-danger&amp;quot;}
  (Session info: chrome=52.0.2743.82)
  (Driver info: chromedriver=2.22.397932 (282ed7cf89cf0053b6542e0d0f039d4123bbb6ad),platform=Linux 3.13.0-92-generic x86_64) (WARNING: The server did not provide any stacktrace information)
Command duration or timeout: 107 milliseconds
For documentation on this error, please visit: http://seleniumhq.org/exceptions/no_such_element.html
Build info: version: &amp;apos;2.53.1&amp;apos;, revision: &amp;apos;a36b8b1&amp;apos;, time: &amp;apos;2016-06-30 17:37:03&amp;apos;
System info: host: &amp;apos;suren-Precision-M4600&amp;apos;, ip: &amp;apos;127.0.1.1&amp;apos;, os.name: &amp;apos;Linux&amp;apos;, os.arch: &amp;apos;amd64&amp;apos;, os.version: &amp;apos;3.13.0-92-generic&amp;apos;, java.version: &amp;apos;1.8.0_101&amp;apos;
Driver info: org.openqa.selenium.chrome.ChromeDriver
Capabilities [{applicationCacheEnabled=false, rotatable=false, mobileEmulationEnabled=false, chrome={chromedriverVersion=2.22.397932 (282ed7cf89cf0053b6542e0d0f039d4123bbb6ad), userDataDir=/tmp/.com.google.Chrome.xJc1lw}, takesHeapSnapshot=true, databaseEnabled=false, handlesAlerts=true, hasTouchScreen=false, version=52.0.2743.82, platform=LINUX, browserConnectionEnabled=false, nativeEvents=true, acceptSslCerts=true, locationContextEnabled=true, webStorageEnabled=true, browserName=chrome, takesScreenshot=true, javascriptEnabled=true, cssSelectorsEnabled=true}]
Session ID: 45b09fb7d9aa16583d6e62dbba81c55e
*** Element info: {Using=css selector, value=text-danger}">
      <![CDATA[org.openqa.selenium.NoSuchElementException: no such element: Unable to locate element: {"method":"css selector","selector":"text-danger"}
  (Session info: chrome=52.0.2743.82)
  (Driver info: chromedriver=2.22.397932 (282ed7cf89cf0053b6542e0d0f039d4123bbb6ad),platform=Linux 3.13.0-92-generic x86_64) (WARNING: The server did not provide any stacktrace information)
Command duration or timeout: 107 milliseconds
For documentation on this error, please visit: http://seleniumhq.org/exceptions/no_such_element.html
Build info: version: '2.53.1', revision: 'a36b8b1', time: '2016-06-30 17:37:03'
System info: host: 'suren-Precision-M4600', ip: '127.0.1.1', os.name: 'Linux', os.arch: 'amd64', os.version: '3.13.0-92-generic', java.version: '1.8.0_101'
Driver info: org.openqa.selenium.chrome.ChromeDriver
Capabilities [{applicationCacheEnabled=false, rotatable=false, mobileEmulationEnabled=false, chrome={chromedriverVersion=2.22.397932 (282ed7cf89cf0053b6542e0d0f039d4123bbb6ad), userDataDir=/tmp/.com.google.Chrome.xJc1lw}, takesHeapSnapshot=true, databaseEnabled=false, handlesAlerts=true, hasTouchScreen=false, version=52.0.2743.82, platform=LINUX, browserConnectionEnabled=false, nativeEvents=true, acceptSslCerts=true, locationContextEnabled=true, webStorageEnabled=true, browserName=chrome, takesScreenshot=true, javascriptEnabled=true, cssSelectorsEnabled=true}]
Session ID: 45b09fb7d9aa16583d6e62dbba81c55e
*** Element info: {Using=css selector, value=text-danger}
	at org.openqa.selenium.remote.ErrorHandler.createThrowable(ErrorHandler.java:206)
	at org.openqa.selenium.remote.ErrorHandler.throwIfResponseFailed(ErrorHandler.java:158)
	at org.openqa.selenium.remote.RemoteWebDriver.execute(RemoteWebDriver.java:678)
	at org.openqa.selenium.remote.RemoteWebDriver.findElement(RemoteWebDriver.java:363)
	at org.openqa.selenium.remote.RemoteWebDriver.findElementByCssSelector(RemoteWebDriver.java:492)
	at org.openqa.selenium.By$ByCssSelector.findElement(By.java:430)
	at org.openqa.selenium.remote.RemoteWebDriver.findElement(RemoteWebDriver.java:355)
	at com.utils.PageDriver.findElement(PageDriver.java:22)
	at com.pages.LoginPage.invalidLogin(LoginPage.java:19)
	at com.test.LoginPageTest.testInvalidLogin(LoginPageTest.java:24)
... Removed 28 stack frames]]>
    </failure>
  </testcase> <!-- testInvalidLogin -->
</testsuite> <!-- FunctionalityTesting -->
